<?xml version="1.0" encoding="UTF-8"?>
<testsuite xmlns:xsi="http://www.w3.org/2001/XMLSchema-instance" xsi:noNamespaceSchemaLocation="https://maven.apache.org/surefire/maven-surefire-plugin/xsd/surefire-test-report-3.0.xsd" version="3.0" name="com.api.testing.JsonPlaceholderApiTests" time="17.741" tests="10" errors="0" skipped="0" failures="0">
  <properties>
    <property name="java.specification.version" value="17"/>
    <property name="sun.jnu.encoding" value="UTF-8"/>
    <property name="java.class.path" value="/home/viko/Escritorio/tarea/rest-assured-api-tests/target/test-classes:/home/viko/Escritorio/tarea/rest-assured-api-tests/target/classes:/home/viko/.m2/repository/io/rest-assured/rest-assured/5.3.2/rest-assured-5.3.2.jar:/home/viko/.m2/repository/org/apache/groovy/groovy/4.0.11/groovy-4.0.11.jar:/home/viko/.m2/repository/org/apache/groovy/groovy-xml/4.0.11/groovy-xml-4.0.11.jar:/home/viko/.m2/repository/org/apache/httpcomponents/httpclient/4.5.13/httpclient-4.5.13.jar:/home/viko/.m2/repository/org/apache/httpcomponents/httpcore/4.4.13/httpcore-4.4.13.jar:/home/viko/.m2/repository/commons-logging/commons-logging/1.2/commons-logging-1.2.jar:/home/viko/.m2/repository/commons-codec/commons-codec/1.11/commons-codec-1.11.jar:/home/viko/.m2/repository/org/apache/httpcomponents/httpmime/4.5.13/httpmime-4.5.13.jar:/home/viko/.m2/repository/org/ccil/cowan/tagsoup/tagsoup/1.2.1/tagsoup-1.2.1.jar:/home/viko/.m2/repository/io/rest-assured/xml-path/5.3.2/xml-path-5.3.2.jar:/home/viko/.m2/repository/org/apache/commons/commons-lang3/3.11/commons-lang3-3.11.jar:/home/viko/.m2/repository/io/rest-assured/json-path/5.3.2/json-path-5.3.2.jar:/home/viko/.m2/repository/org/apache/groovy/groovy-json/4.0.11/groovy-json-4.0.11.jar:/home/viko/.m2/repository/io/rest-assured/rest-assured-common/5.3.2/rest-assured-common-5.3.2.jar:/home/viko/.m2/repository/org/junit/jupiter/junit-jupiter-api/5.10.0/junit-jupiter-api-5.10.0.jar:/home/viko/.m2/repository/org/opentest4j/opentest4j/1.3.0/opentest4j-1.3.0.jar:/home/viko/.m2/repository/org/junit/platform/junit-platform-commons/1.10.0/junit-platform-commons-1.10.0.jar:/home/viko/.m2/repository/org/apiguardian/apiguardian-api/1.1.2/apiguardian-api-1.1.2.jar:/home/viko/.m2/repository/org/junit/jupiter/junit-jupiter-engine/5.10.0/junit-jupiter-engine-5.10.0.jar:/home/viko/.m2/repository/org/junit/platform/junit-platform-engine/1.10.0/junit-platform-engine-1.10.0.jar:/home/viko/.m2/repository/org/hamcrest/hamcrest/2.2/hamcrest-2.2.jar:/home/viko/.m2/repository/com/fasterxml/jackson/core/jackson-databind/2.15.2/jackson-databind-2.15.2.jar:/home/viko/.m2/repository/com/fasterxml/jackson/core/jackson-annotations/2.15.2/jackson-annotations-2.15.2.jar:/home/viko/.m2/repository/com/fasterxml/jackson/core/jackson-core/2.15.2/jackson-core-2.15.2.jar:/home/viko/.m2/repository/org/slf4j/slf4j-simple/2.0.7/slf4j-simple-2.0.7.jar:/home/viko/.m2/repository/org/slf4j/slf4j-api/2.0.7/slf4j-api-2.0.7.jar:"/>
    <property name="java.vm.vendor" value="Ubuntu"/>
    <property name="sun.arch.data.model" value="64"/>
    <property name="java.vendor.url" value="https://ubuntu.com/"/>
    <property name="user.timezone" value="America/Argentina/San_Juan"/>
    <property name="os.name" value="Linux"/>
    <property name="java.vm.specification.version" value="17"/>
    <property name="sun.java.launcher" value="SUN_STANDARD"/>
    <property name="user.country" value="ES"/>
    <property name="sun.boot.library.path" value="/usr/lib/jvm/java-17-openjdk-amd64/lib"/>
    <property name="sun.java.command" value="/home/viko/Escritorio/tarea/rest-assured-api-tests/target/surefire/surefirebooter-20250824000823068_3.jar /home/viko/Escritorio/tarea/rest-assured-api-tests/target/surefire 2025-08-24T00-08-22_419-jvmRun1 surefire-20250824000823068_1tmp surefire_0-20250824000823068_2tmp"/>
    <property name="jdk.debug" value="release"/>
    <property name="surefire.test.class.path" value="/home/viko/Escritorio/tarea/rest-assured-api-tests/target/test-classes:/home/viko/Escritorio/tarea/rest-assured-api-tests/target/classes:/home/viko/.m2/repository/io/rest-assured/rest-assured/5.3.2/rest-assured-5.3.2.jar:/home/viko/.m2/repository/org/apache/groovy/groovy/4.0.11/groovy-4.0.11.jar:/home/viko/.m2/repository/org/apache/groovy/groovy-xml/4.0.11/groovy-xml-4.0.11.jar:/home/viko/.m2/repository/org/apache/httpcomponents/httpclient/4.5.13/httpclient-4.5.13.jar:/home/viko/.m2/repository/org/apache/httpcomponents/httpcore/4.4.13/httpcore-4.4.13.jar:/home/viko/.m2/repository/commons-logging/commons-logging/1.2/commons-logging-1.2.jar:/home/viko/.m2/repository/commons-codec/commons-codec/1.11/commons-codec-1.11.jar:/home/viko/.m2/repository/org/apache/httpcomponents/httpmime/4.5.13/httpmime-4.5.13.jar:/home/viko/.m2/repository/org/ccil/cowan/tagsoup/tagsoup/1.2.1/tagsoup-1.2.1.jar:/home/viko/.m2/repository/io/rest-assured/xml-path/5.3.2/xml-path-5.3.2.jar:/home/viko/.m2/repository/org/apache/commons/commons-lang3/3.11/commons-lang3-3.11.jar:/home/viko/.m2/repository/io/rest-assured/json-path/5.3.2/json-path-5.3.2.jar:/home/viko/.m2/repository/org/apache/groovy/groovy-json/4.0.11/groovy-json-4.0.11.jar:/home/viko/.m2/repository/io/rest-assured/rest-assured-common/5.3.2/rest-assured-common-5.3.2.jar:/home/viko/.m2/repository/org/junit/jupiter/junit-jupiter-api/5.10.0/junit-jupiter-api-5.10.0.jar:/home/viko/.m2/repository/org/opentest4j/opentest4j/1.3.0/opentest4j-1.3.0.jar:/home/viko/.m2/repository/org/junit/platform/junit-platform-commons/1.10.0/junit-platform-commons-1.10.0.jar:/home/viko/.m2/repository/org/apiguardian/apiguardian-api/1.1.2/apiguardian-api-1.1.2.jar:/home/viko/.m2/repository/org/junit/jupiter/junit-jupiter-engine/5.10.0/junit-jupiter-engine-5.10.0.jar:/home/viko/.m2/repository/org/junit/platform/junit-platform-engine/1.10.0/junit-platform-engine-1.10.0.jar:/home/viko/.m2/repository/org/hamcrest/hamcrest/2.2/hamcrest-2.2.jar:/home/viko/.m2/repository/com/fasterxml/jackson/core/jackson-databind/2.15.2/jackson-databind-2.15.2.jar:/home/viko/.m2/repository/com/fasterxml/jackson/core/jackson-annotations/2.15.2/jackson-annotations-2.15.2.jar:/home/viko/.m2/repository/com/fasterxml/jackson/core/jackson-core/2.15.2/jackson-core-2.15.2.jar:/home/viko/.m2/repository/org/slf4j/slf4j-simple/2.0.7/slf4j-simple-2.0.7.jar:/home/viko/.m2/repository/org/slf4j/slf4j-api/2.0.7/slf4j-api-2.0.7.jar:"/>
    <property name="sun.cpu.endian" value="little"/>
    <property name="user.home" value="/home/viko"/>
    <property name="user.language" value="es"/>
    <property name="java.specification.vendor" value="Oracle Corporation"/>
    <property name="java.version.date" value="2025-07-15"/>
    <property name="java.home" value="/usr/lib/jvm/java-17-openjdk-amd64"/>
    <property name="file.separator" value="/"/>
    <property name="basedir" value="/home/viko/Escritorio/tarea/rest-assured-api-tests"/>
    <property name="java.vm.compressedOopsMode" value="32-bit"/>
    <property name="line.separator" value="&#10;"/>
    <property name="java.vm.specification.vendor" value="Oracle Corporation"/>
    <property name="java.specification.name" value="Java Platform API Specification"/>
    <property name="surefire.real.class.path" value="/home/viko/Escritorio/tarea/rest-assured-api-tests/target/surefire/surefirebooter-20250824000823068_3.jar"/>
    <property name="sun.management.compiler" value="HotSpot 64-Bit Tiered Compilers"/>
    <property name="java.runtime.version" value="17.0.16+8-Ubuntu-0ubuntu124.04.1"/>
    <property name="user.name" value="viko"/>
    <property name="path.separator" value=":"/>
    <property name="os.version" value="6.14.0-28-generic"/>
    <property name="java.runtime.name" value="OpenJDK Runtime Environment"/>
    <property name="file.encoding" value="UTF-8"/>
    <property name="java.vm.name" value="OpenJDK 64-Bit Server VM"/>
    <property name="localRepository" value="/home/viko/.m2/repository"/>
    <property name="java.vendor.url.bug" value="https://bugs.launchpad.net/ubuntu/+source/openjdk-17"/>
    <property name="java.io.tmpdir" value="/tmp"/>
    <property name="java.version" value="17.0.16"/>
    <property name="user.dir" value="/home/viko/Escritorio/tarea/rest-assured-api-tests"/>
    <property name="os.arch" value="amd64"/>
    <property name="java.vm.specification.name" value="Java Virtual Machine Specification"/>
    <property name="native.encoding" value="UTF-8"/>
    <property name="java.library.path" value="/usr/java/packages/lib:/usr/lib/x86_64-linux-gnu/jni:/lib/x86_64-linux-gnu:/usr/lib/x86_64-linux-gnu:/usr/lib/jni:/lib:/usr/lib"/>
    <property name="java.vm.info" value="mixed mode, sharing"/>
    <property name="java.vendor" value="Ubuntu"/>
    <property name="java.vm.version" value="17.0.16+8-Ubuntu-0ubuntu124.04.1"/>
    <property name="java.specification.maintenance.version" value="1"/>
    <property name="sun.io.unicode.encoding" value="UnicodeLittle"/>
    <property name="java.class.version" value="61.0"/>
  </properties>
  <testcase name="testGetAllPosts" classname="com.api.testing.JsonPlaceholderApiTests" time="8.732">
    <system-out><![CDATA[=== INICIANDO PRUEBAS DE API REST ===
Base URL: https://jsonplaceholder.typicode.com

--- Test: GET All Posts ---
✓ GET /posts ejecutado correctamente
]]></system-out>
  </testcase>
  <testcase name="testGetPostById" classname="com.api.testing.JsonPlaceholderApiTests" time="0.849">
    <system-out><![CDATA[
--- Test: GET Post by ID ---
✓ GET /posts/1 ejecutado correctamente
]]></system-out>
  </testcase>
  <testcase name="testGetNonExistentPost" classname="com.api.testing.JsonPlaceholderApiTests" time="0.708">
    <system-out><![CDATA[
--- Test: GET Non-existent Post ---
✓ GET /posts/999 retornó 404 como esperado
]]></system-out>
  </testcase>
  <testcase name="testCreatePost" classname="com.api.testing.JsonPlaceholderApiTests" time="1.011">
    <system-out><![CDATA[
--- Test: POST Create New Post ---
✓ POST /posts ejecutado correctamente. ID creado: 101
]]></system-out>
  </testcase>
  <testcase name="testUpdatePost" classname="com.api.testing.JsonPlaceholderApiTests" time="0.82">
    <system-out><![CDATA[
--- Test: PUT Update Post ---
✓ PUT /posts/1 ejecutado correctamente
]]></system-out>
  </testcase>
  <testcase name="testPatchPost" classname="com.api.testing.JsonPlaceholderApiTests" time="0.651">
    <system-out><![CDATA[
--- Test: PATCH Update Post ---
✓ PATCH /posts/1 ejecutado correctamente
]]></system-out>
  </testcase>
  <testcase name="testDeletePost" classname="com.api.testing.JsonPlaceholderApiTests" time="0.761">
    <system-out><![CDATA[
--- Test: DELETE Post ---
✓ DELETE /posts/1 ejecutado correctamente
]]></system-out>
  </testcase>
  <testcase name="testGetAllUsers" classname="com.api.testing.JsonPlaceholderApiTests" time="1.109">
    <system-out><![CDATA[
--- Test: GET All Users ---
✓ GET /users ejecutado correctamente
]]></system-out>
  </testcase>
  <testcase name="testGetCommentsByPostId" classname="com.api.testing.JsonPlaceholderApiTests" time="0.907">
    <system-out><![CDATA[
--- Test: GET Comments by PostID ---
✓ GET /comments?postId=1 ejecutado correctamente
]]></system-out>
  </testcase>
  <testcase name="testJsonStructureValidation" classname="com.api.testing.JsonPlaceholderApiTests" time="0.639">
    <system-out><![CDATA[
--- Test: JSON Structure Validation ---
✓ Validación de estructura JSON completada
]]></system-out>
  </testcase>
</testsuite>