<?xml version="1.0" encoding="UTF-8"?>
<!-- Generated by org.testng.reporters.JUnitReportReporter -->
<testsuite hostname="DESKTOP-EDP2GTF" failures="0" tests="2" name="com.websolutions.CrossBrowserTest" time="12.912" errors="0" timestamp="2025-07-21T20:47:50 CLT" skipped="0">
  <testcase classname="com.websolutions.CrossBrowserTest" name="testCrossBrowser" time="8.372"/>
  <testcase classname="com.websolutions.CrossBrowserTest" name="testCrossBrowser" time="4.540"/>
</testsuite> <!-- com.websolutions.CrossBrowserTest -->
